# Logfile created on Mon Apr 19 16:40:40 +0200 2010

Processing EventsController#create (for 127.0.0.1 at 2010-04-19 16:40:56) [POST]
  Parameters: {"peer"=>{"gesture"=>"distribute", "latitude"=>"52.501077", "accuracy"=>"80", "longitude"=>"13.345116"}}
Completed in 1856ms (View: 1, DB: 1454) | 200 OK [http://localhost/peers]


Processing EventsController#show (for 127.0.0.1 at 2010-04-19 16:40:59) [GET]
  Parameters: {"id"=>"7d2ad8802def012d8b2a001f5bf1b5ba"}
Completed in 8ms (View: 0, DB: 2) | 202 Accepted [http://localhost/events/7d2ad8802def012d8b2a001f5bf1b5ba]


Processing EventsController#show (for 127.0.0.1 at 2010-04-19 16:41:00) [GET]
  Parameters: {"id"=>"7d2ad8802def012d8b2a001f5bf1b5ba"}
Completed in 6ms (View: 0, DB: 1) | 202 Accepted [http://localhost/events/7d2ad8802def012d8b2a001f5bf1b5ba]


Processing EventsController#show (for 127.0.0.1 at 2010-04-19 16:41:01) [GET]
  Parameters: {"id"=>"7d2ad8802def012d8b2a001f5bf1b5ba"}
Completed in 5ms (View: 0, DB: 1) | 202 Accepted [http://localhost/events/7d2ad8802def012d8b2a001f5bf1b5ba]


Processing EventsController#show (for 127.0.0.1 at 2010-04-19 16:41:02) [GET]
  Parameters: {"id"=>"7d2ad8802def012d8b2a001f5bf1b5ba"}
Completed in 6ms (View: 0, DB: 2) | 202 Accepted [http://localhost/events/7d2ad8802def012d8b2a001f5bf1b5ba]


Processing EventsController#show (for 127.0.0.1 at 2010-04-19 16:41:03) [GET]
  Parameters: {"id"=>"7d2ad8802def012d8b2a001f5bf1b5ba"}
Completed in 5ms (View: 0, DB: 1) | 202 Accepted [http://localhost/events/7d2ad8802def012d8b2a001f5bf1b5ba]


Processing EventsController#show (for 127.0.0.1 at 2010-04-19 16:41:04) [GET]
  Parameters: {"id"=>"7d2ad8802def012d8b2a001f5bf1b5ba"}
Completed in 53ms (View: 1, DB: 43) | 500 Internal Server Error [http://localhost/events/7d2ad8802def012d8b2a001f5bf1b5ba]


Processing EventsController#create (for 127.0.0.1 at 2010-04-19 16:41:17) [POST]
  Parameters: {"peer"=>{"gesture"=>"distribute", "latitude"=>"52.501077", "accuracy"=>"80", "longitude"=>"13.345116", "seeder"=>"1"}}
[paperclip] Saving attachments.
Completed in 668ms (View: 0, DB: 620) | 200 OK [http://localhost/peers]


Processing UploadsController#update (for 127.0.0.1 at 2010-04-19 16:41:18) [PUT]
  Parameters: {"Filename"=>"2lobjurulf_45561570.png", "folder"=>"/", "upload"=>{"attachment"=>#<File:/var/folders/0M/0M4Sm+FaElqW0-8qHhK-BU+++TI/-Tmp-/RackMultipart20100419-86276-5rqoqh-0>}, "id"=>"890d68502def012d8b2a001f5bf1b5ba", "Upload"=>"Submit Query"}
[paperclip] Saving attachments.
[paperclip] saving /Volumes/Data/Artcom/hoccer/server/public/system/attachments/61873/original/2lobjurulf_45561570.png
[paperclip] saving /Volumes/Data/Artcom/hoccer/server/public/system/attachments/61873/processed/2lobjurulf_45561570.png
[paperclip] Saving attachments.
Completed in 220ms (View: 0, DB: 38) | 200 OK [http://localhost/uploads/890d68502def012d8b2a001f5bf1b5ba]


Processing EventsController#create (for 127.0.0.1 at 2010-04-19 16:41:19) [POST]
  Parameters: {"peer"=>{"gesture"=>"distribute", "latitude"=>"52.501077", "accuracy"=>"80", "longitude"=>"13.345116"}}
Completed in 306ms (View: 0, DB: 286) | 200 OK [http://localhost/peers]


Processing EventsController#show (for 127.0.0.1 at 2010-04-19 16:41:21) [GET]
  Parameters: {"id"=>"8a8fbd402def012d8b2a001f5bf1b5ba"}
Completed in 5ms (View: 0, DB: 1) | 202 Accepted [http://localhost/events/8a8fbd402def012d8b2a001f5bf1b5ba]


Processing EventsController#show (for 127.0.0.1 at 2010-04-19 16:41:22) [GET]
  Parameters: {"id"=>"8a8fbd402def012d8b2a001f5bf1b5ba"}
Completed in 5ms (View: 0, DB: 1) | 202 Accepted [http://localhost/events/8a8fbd402def012d8b2a001f5bf1b5ba]


Processing EventsController#show (for 127.0.0.1 at 2010-04-19 16:41:23) [GET]
  Parameters: {"id"=>"8a8fbd402def012d8b2a001f5bf1b5ba"}
Completed in 5ms (View: 0, DB: 1) | 202 Accepted [http://localhost/events/8a8fbd402def012d8b2a001f5bf1b5ba]


Processing EventsController#show (for 127.0.0.1 at 2010-04-19 16:41:24) [GET]
  Parameters: {"id"=>"8a8fbd402def012d8b2a001f5bf1b5ba"}
Completed in 7ms (View: 0, DB: 1) | 202 Accepted [http://localhost/events/8a8fbd402def012d8b2a001f5bf1b5ba]


Processing EventsController#show (for 127.0.0.1 at 2010-04-19 16:41:25) [GET]
  Parameters: {"id"=>"8a8fbd402def012d8b2a001f5bf1b5ba"}
Completed in 156ms (View: 0, DB: 81) | 200 OK [http://localhost/events/8a8fbd402def012d8b2a001f5bf1b5ba]


Processing UploadsController#show (for 127.0.0.1 at 2010-04-19 16:41:26) [GET]
  Parameters: {"id"=>"890d68502def012d8b2a001f5bf1b5ba"}
[paperclip] Saving attachments.
Completed in 5ms (View: 0, DB: 1) | 200 OK [http://localhost/uploads/890d68502def012d8b2a001f5bf1b5ba]
Streaming file /Volumes/Data/Artcom/hoccer/server/public/system/attachments/61873/processed/2lobjurulf_45561570.png


Processing UploadsController#show (for 127.0.0.1 at 2010-04-19 16:41:26) [GET]
  Parameters: {"id"=>"890d68502def012d8b2a001f5bf1b5ba"}
[paperclip] Saving attachments.
Completed in 5ms (View: 0, DB: 1) | 200 OK [http://localhost/uploads/890d68502def012d8b2a001f5bf1b5ba]
Streaming file /Volumes/Data/Artcom/hoccer/server/public/system/attachments/61873/processed/2lobjurulf_45561570.png


Processing UploadsController#show (for 127.0.0.1 at 2010-04-19 16:41:27) [GET]
  Parameters: {"id"=>"890d68502def012d8b2a001f5bf1b5ba"}
[paperclip] Saving attachments.
Completed in 3ms (View: 0, DB: 1) | 200 OK [http://localhost/uploads/890d68502def012d8b2a001f5bf1b5ba]
Streaming file /Volumes/Data/Artcom/hoccer/server/public/system/attachments/61873/processed/2lobjurulf_45561570.png


Processing EventsController#create (for 127.0.0.1 at 2010-04-19 16:41:40) [POST]
  Parameters: {"peer"=>{"gesture"=>"distribute", "latitude"=>"52.501077", "accuracy"=>"80", "longitude"=>"13.345116", "seeder"=>"1"}}
[paperclip] Saving attachments.
Completed in 172ms (View: 0, DB: 96) | 200 OK [http://localhost/peers]


Processing UploadsController#update (for 127.0.0.1 at 2010-04-19 16:41:40) [PUT]
  Parameters: {"Filename"=>"08cd12935ee2a6ad1b2b5e8fedab409e1ed40273_m.jpg", "folder"=>"/", "upload"=>{"attachment"=>#<File:/var/folders/0M/0M4Sm+FaElqW0-8qHhK-BU+++TI/-Tmp-/RackMultipart20100419-86276-zioodi-0>}, "id"=>"96e29c302def012d8b2a001f5bf1b5ba", "Upload"=>"Submit Query"}
[paperclip] Saving attachments.
[paperclip] saving /Volumes/Data/Artcom/hoccer/server/public/system/attachments/61874/original/08cd12935ee2a6ad1b2b5e8fedab409e1ed40273_m.jpg
[paperclip] saving /Volumes/Data/Artcom/hoccer/server/public/system/attachments/61874/processed/08cd12935ee2a6ad1b2b5e8fedab409e1ed40273_m.jpg
[paperclip] Saving attachments.
Completed in 23ms (View: 0, DB: 3) | 200 OK [http://localhost/uploads/96e29c302def012d8b2a001f5bf1b5ba]


Processing EventsController#create (for 127.0.0.1 at 2010-04-19 16:41:42) [POST]
  Parameters: {"peer"=>{"gesture"=>"distribute", "latitude"=>"52.501077", "accuracy"=>"80", "longitude"=>"13.345116"}}
Completed in 76ms (View: 0, DB: 60) | 200 OK [http://localhost/peers]


Processing EventsController#show (for 127.0.0.1 at 2010-04-19 16:41:43) [GET]
  Parameters: {"id"=>"97ecb4d02def012d8b2a001f5bf1b5ba"}
Completed in 7ms (View: 0, DB: 2) | 202 Accepted [http://localhost/events/97ecb4d02def012d8b2a001f5bf1b5ba]


Processing EventsController#show (for 127.0.0.1 at 2010-04-19 16:41:44) [GET]
  Parameters: {"id"=>"97ecb4d02def012d8b2a001f5bf1b5ba"}
Completed in 6ms (View: 0, DB: 1) | 202 Accepted [http://localhost/events/97ecb4d02def012d8b2a001f5bf1b5ba]


Processing EventsController#show (for 127.0.0.1 at 2010-04-19 16:41:45) [GET]
  Parameters: {"id"=>"97ecb4d02def012d8b2a001f5bf1b5ba"}
Completed in 7ms (View: 0, DB: 2) | 202 Accepted [http://localhost/events/97ecb4d02def012d8b2a001f5bf1b5ba]


Processing EventsController#show (for 127.0.0.1 at 2010-04-19 16:41:46) [GET]
  Parameters: {"id"=>"97ecb4d02def012d8b2a001f5bf1b5ba"}
Completed in 7ms (View: 0, DB: 2) | 202 Accepted [http://localhost/events/97ecb4d02def012d8b2a001f5bf1b5ba]


Processing EventsController#show (for 127.0.0.1 at 2010-04-19 16:41:47) [GET]
  Parameters: {"id"=>"97ecb4d02def012d8b2a001f5bf1b5ba"}
Completed in 7ms (View: 0, DB: 2) | 202 Accepted [http://localhost/events/97ecb4d02def012d8b2a001f5bf1b5ba]


Processing EventsController#show (for 127.0.0.1 at 2010-04-19 16:41:48) [GET]
  Parameters: {"id"=>"97ecb4d02def012d8b2a001f5bf1b5ba"}
Completed in 75ms (View: 0, DB: 59) | 200 OK [http://localhost/events/97ecb4d02def012d8b2a001f5bf1b5ba]


Processing UploadsController#show (for 127.0.0.1 at 2010-04-19 16:41:49) [GET]
  Parameters: {"id"=>"96e29c302def012d8b2a001f5bf1b5ba"}
[paperclip] Saving attachments.
Completed in 5ms (View: 0, DB: 1) | 200 OK [http://localhost/uploads/96e29c302def012d8b2a001f5bf1b5ba]
Streaming file /Volumes/Data/Artcom/hoccer/server/public/system/attachments/61874/processed/08cd12935ee2a6ad1b2b5e8fedab409e1ed40273_m.jpg


Processing UploadsController#show (for 127.0.0.1 at 2010-04-19 16:41:49) [GET]
  Parameters: {"id"=>"96e29c302def012d8b2a001f5bf1b5ba"}
[paperclip] Saving attachments.
Completed in 76ms (View: 0, DB: 1) | 200 OK [http://localhost/uploads/96e29c302def012d8b2a001f5bf1b5ba]
Streaming file /Volumes/Data/Artcom/hoccer/server/public/system/attachments/61874/processed/08cd12935ee2a6ad1b2b5e8fedab409e1ed40273_m.jpg


Processing UploadsController#show (for 127.0.0.1 at 2010-04-19 16:41:50) [GET]
  Parameters: {"id"=>"96e29c302def012d8b2a001f5bf1b5ba"}
[paperclip] Saving attachments.
Completed in 4ms (View: 0, DB: 1) | 200 OK [http://localhost/uploads/96e29c302def012d8b2a001f5bf1b5ba]
